Aztec 68000 Assembler 5.0d  Sep 12 1990
     1 0000:                    ;:ts=8
     2 0000:                    	far	code
     3 0000:                    	far	data
     4 0000:                    # 19 'find.c' 424659644
     5 0000:                    ^| .2
     6 0000:                    	xdef	_main
     7 0000:                    _main:
     8 0000:  4e55 xxxx         	link	a5,#.3
     9 0004:  48e7 xxxx         	movem.l	.4,-(sp)
    10 0008:                    ~ flags -4 "l"
    11 0008:                    ~ 'DosEnvec'
    12 0008:                    ~ 1 20 80
    13 0008:                    ~ de_TableSize 0 "L"
    14 0008:                    ~ de_SizeBlock 4 "L"
    15 0008:                    ~ de_SecOrg 8 "L"
    16 0008:                    ~ de_Surfaces 12 "L"
    17 0008:                    ~ de_SectorPerBlock 16 "L"
    18 0008:                    ~ de_BlocksPerTrack 20 "L"
    19 0008:                    ~ de_Reserved 24 "L"
    20 0008:                    ~ de_PreAlloc 28 "L"
    21 0008:                    ~ de_Interleave 32 "L"
    22 0008:                    ~ de_LowCyl 36 "L"
    23 0008:                    ~ de_HighCyl 40 "L"
    24 0008:                    ~ de_NumBuffers 44 "L"
    25 0008:                    ~ de_BufMemType 48 "L"
    26 0008:                    ~ de_MaxTransfer 52 "L"
    27 0008:                    ~ de_Mask 56 "L"
    28 0008:                    ~ de_BootPri 60 "l"
    29 0008:                    ~ de_DosType 64 "L"
    30 0008:                    ~ de_Baud 68 "L"
    31 0008:                    ~ de_Control 72 "L"
    32 0008:                    ~ de_BootBlocks 76 "L"
    33 0008:                    ~ dep -8 "#:" 1
    34 0008:                    ~ 'FileSysStartupMsg'
    35 0008:                    ~ 2 4 16
    36 0008:                    ~ fssm_Unit 0 "L"
    37 0008:                    ~ fssm_Device 4 "l"
    38 0008:                    ~ fssm_Environ 8 "l"
    39 0008:                    ~ fssm_Flags 12 "L"
    40 0008:                    ~ fssmp -12 "#:" 2
    41 0008:                    ~ 'DosList'
    42 0008:                    ~ 'MsgPort'
    43 0008:                    ~ 'Node'
    44 0008:                    ~ 5 5 14
    45 0008:                    ~ ln_Succ 0 "#:" 5
    46 0008:                    ~ ln_Pred 4 "#:" 5
    47 0008:                    ~ ln_Type 8 "C"
    48 0008:                    ~ ln_Pri 9 "c"
    49 0008:                    ~ ln_Name 10 "#c"
    50 0008:                    ~ 'List'
    51 0008:                    ~ 6 5 14
    52 0008:                    ~ lh_Head 0 "#:" 5
    53 0008:                    ~ lh_Tail 4 "#:" 5
    54 0008:                    ~ lh_TailPred 8 "#:" 5
    55 0008:                    ~ lh_Type 12 "C"
    56 0008:                    ~ l_pad 13 "C"
    57 0008:                    ~ 4 5 34
    58 0008:                    ~ mp_Node 0 ":" 5
    59 0008:                    ~ mp_Flags 14 "C"
    60 0008:                    ~ mp_SigBit 15 "C"
    61 0008:                    ~ mp_SigTask 16 "#v"
    62 0008:                    ~ mp_MsgList 20 ":" 6
    63 0008:                    ~ ''
    64 0008:                    ~ ''
    65 0008:                    ~ 8 6 24
    66 0008:                    ~ dol_Handler 0 "l"
    67 0008:                    ~ dol_StackSize 4 "l"
    68 0008:                    ~ dol_Priority 8 "l"
    69 0008:                    ~ dol_Startup 12 "L"
    70 0008:                    ~ dol_SegList 16 "l"
    71 0008:                    ~ dol_GlobVec 20 "l"
    72 0008:                    ~ ''
    73 0008:                    ~ 'DateStamp'
    74 0008:                    ~ 10 3 12
    75 0008:                    ~ ds_Days 0 "l"
    76 0008:                    ~ ds_Minute 4 "l"
    77 0008:                    ~ ds_Tick 8 "l"
    78 0008:                    ~ 9 3 20
    79 0008:                    ~ dol_VolumeDate 0 ":" 10
    80 0008:                    ~ dol_LockList 12 "l"
    81 0008:                    ~ dol_DiskType 16 "l"
    82 0008:                    ~ ''
    83 0008:                    ~ 'AssignList'
    84 0008:                    ~ 12 2 8
    85 0008:                    ~ al_Next 0 "#:" 12
    86 0008:                    ~ al_Lock 4 "l"
    87 0008:                    ~ 11 2 8
    88 0008:                    ~ dol_AssignName 0 "#C"
    89 0008:                    ~ dol_List 4 "#:" 12
    90 0008:                    ~ 7 3 24
    91 0008:                    ~ dol_handler 0 ":" 8
    92 0008:                    ~ dol_volume 0 ":" 9
    93 0008:                    ~ dol_assign 0 ":" 11
    94 0008:                    ~ 3 6 44
    95 0008:                    ~ dol_Next 0 "l"
    96 0008:                    ~ dol_Type 4 "l"
    97 0008:                    ~ dol_Task 8 "#:" 4
    98 0008:                    ~ dol_Lock 12 "l"
    99 0008:                    ~ dol_misc 16 ":" 7
   100 0008:                    ~ dol_Name 40 "l"
   101 0008:                    ~ dolp -16 "#:" 3
   102 0008:                    ~~ argc 8 "l"
   103 0008:                    ~~ argv 12 "##c"
   104 0008:  2b7c 0000 0005    	move.l	#5,-4(a5)
       000e:  fffc 
   105 0010:  4879 xxxx xxxx    ^^^^^^	pea	.1+0
   106 0016:  4eb9 xxxx xxxx    	jsr	_printf
   107 001c:  584f              	add.w	#4,sp
   108 001e:  2f2d fffc         ^^	move.l	-4(a5),-(sp)
   109 0022:  4eb9 xxxx xxxx    	jsr	_LockDosList
   110 0028:  584f              	add.w	#4,sp
   111 002a:  2b40 fff0         	move.l	d0,-16(a5)
   112 002e:  6700 xxxx         	beq	.10001
   113 0032:  2f2d fffc         ^	move.l	-4(a5),-(sp)
   114 0036:  4879 xxxx xxxx    	pea	.1+62
   115 003c:  2f2d fff0         	move.l	-16(a5),-(sp)
   116 0040:  4eb9 xxxx xxxx    	jsr	_FindDosEntry
   117 0046:  4fef 000c         	lea	12(sp),sp
   118 004a:  2b40 fff0         	move.l	d0,-16(a5)
   119 004e:  6700 xxxx         	beq	.10002
   120 0052:  2f2d fff0         ^	move.l	-16(a5),-(sp)
   121 0056:  4879 xxxx xxxx    	pea	.1+67
   122 005c:  4eb9 xxxx xxxx    	jsr	_printf
   123 0062:  504f              	add.w	#8,sp
   124 0064:  206d fff0         ^	move.l	-16(a5),a0
   125 0068:  2f28 0004         	move.l	4(a0),-(sp)
   126 006c:  4879 xxxx xxxx    	pea	.1+84
   127 0072:  4eb9 xxxx xxxx    	jsr	_printf
   128 0078:  504f              	add.w	#8,sp
   129 007a:  206d fff0         ^	move.l	-16(a5),a0
   130 007e:  2028 001c         	move.l	28(a0),d0
   131 0082:  e580              	asl.l	#2,d0
   132 0084:  2b40 fff4         	move.l	d0,-12(a5)
   133 0088:  2f00              	move.l	d0,-(sp)
   134 008a:  4879 xxxx xxxx    	pea	.1+97
   135 0090:  4eb9 xxxx xxxx    	jsr	_printf
   136 0096:  504f              	add.w	#8,sp
   137 0098:  206d fff0         ^^^	move.l	-16(a5),a0
   138 009c:  2f28 0024         	move.l	36(a0),-(sp)
   139 00a0:  4879 xxxx xxxx    	pea	.1+115
   140 00a6:  4eb9 xxxx xxxx    	jsr	_printf
   141 00ac:  504f              	add.w	#8,sp
   142 00ae:  206d fff4         ^^	move.l	-12(a5),a0
   143 00b2:  2f10              	move.l	(a0),-(sp)
   144 00b4:  4879 xxxx xxxx    	pea	.1+126
   145 00ba:  4eb9 xxxx xxxx    	jsr	_printf
   146 00c0:  504f              	add.w	#8,sp
   147 00c2:  206d fff4         ^	move.l	-12(a5),a0
   148 00c6:  2028 0004         	move.l	4(a0),d0
   149 00ca:  e580              	asl.l	#2,d0
   150 00cc:  5280              	add.l	#1,d0
   151 00ce:  2f00              	move.l	d0,-(sp)
   152 00d0:  4879 xxxx xxxx    	pea	.1+139
   153 00d6:  4eb9 xxxx xxxx    	jsr	_printf
   154 00dc:  504f              	add.w	#8,sp
   155 00de:  206d fff4         ^	move.l	-12(a5),a0
   156 00e2:  2028 0008         	move.l	8(a0),d0
   157 00e6:  e580              	asl.l	#2,d0
   158 00e8:  2b40 fff8         	move.l	d0,-8(a5)
   159 00ec:  2f00              	move.l	d0,-(sp)
   160 00ee:  4879 xxxx xxxx    	pea	.1+153
   161 00f4:  4eb9 xxxx xxxx    	jsr	_printf
   162 00fa:  504f              	add.w	#8,sp
   163 00fc:  206d fff4         ^^	move.l	-12(a5),a0
   164 0100:  2f28 000c         	move.l	12(a0),-(sp)
   165 0104:  4879 xxxx xxxx    	pea	.1+173
   166 010a:  4eb9 xxxx xxxx    	jsr	_printf
   167 0110:  504f              	add.w	#8,sp
   168 0112:  206d fff8         ^	move.l	-8(a5),a0
   169 0116:  2f28 0024         	move.l	36(a0),-(sp)
   170 011a:  4879 xxxx xxxx    	pea	.1+187
   171 0120:  4eb9 xxxx xxxx    	jsr	_printf
   172 0126:  504f              	add.w	#8,sp
   173 0128:  206d fff8         ^	move.l	-8(a5),a0
   174 012c:  2f28 0028         	move.l	40(a0),-(sp)
   175 0130:  4879 xxxx xxxx    	pea	.1+202
   176 0136:  4eb9 xxxx xxxx    	jsr	_printf
   177 013c:  504f              	add.w	#8,sp
   178 013e:  206d fff8         ^	move.l	-8(a5),a0
   179 0142:  2f28 000c         	move.l	12(a0),-(sp)
   180 0146:  4879 xxxx xxxx    	pea	.1+218
   181 014c:  4eb9 xxxx xxxx    	jsr	_printf
   182 0152:  504f              	add.w	#8,sp
   183 0154:  206d fff8         ^	move.l	-8(a5),a0
   184 0158:  2f28 0014         	move.l	20(a0),-(sp)
   185 015c:  4879 xxxx xxxx    	pea	.1+235
   186 0162:  4eb9 xxxx xxxx    	jsr	_printf
   187 0168:  504f              	add.w	#8,sp
   188 016a:  206d fff4         ^^	move.l	-12(a5),a0
   189 016e:  23d0 xxxx xxxx    	move.l	(a0),_unit
   190 0174:  206d fff4         ^	move.l	-12(a5),a0
   191 0178:  2b68 000c fffc    	move.l	12(a0),-4(a5)
   192 017e:  206d fff8         ^	move.l	-8(a5),a0
   193 0182:  33e8 0026 xxxx    	move.w	38(a0),_lowcyl
       0188:  xxxx 
   194 018a:  206d fff8         ^	move.l	-8(a5),a0
   195 018e:  33e8 002a xxxx    	move.w	42(a0),_highcyl
       0194:  xxxx 
   196 0196:  206d fff8         ^	move.l	-8(a5),a0
   197 019a:  33e8 000e xxxx    	move.w	14(a0),_surfaces
       01a0:  xxxx 
   198 01a2:  206d fff8         ^	move.l	-8(a5),a0
   199 01a6:  33e8 0016 xxxx    	move.w	22(a0),_blkspertrk
       01ac:  xxxx 
   200 01ae:  3079 xxxx xxxx    ^^	move.w	_blkspertrk,a0
   201 01b4:  2208              	move.l	a0,d1
   202 01b6:  3039 xxxx xxxx    	move.w	_lowcyl,d0
   203 01bc:  c1f9 xxxx xxxx    	muls.w	_surfaces,d0
   204 01c2:  4eb9 xxxx xxxx    	jsr	.mulu#
   205 01c8:  7209              	move.l	#9,d1
   206 01ca:  e3a0              	asl.l	d1,d0
   207 01cc:  23c0 xxxx xxxx    	move.l	d0,_startoffset
   208 01d2:  3079 xxxx xxxx    ^^	move.w	_blkspertrk,a0
   209 01d8:  2208              	move.l	a0,d1
   210 01da:  3079 xxxx xxxx    	move.w	_highcyl,a0
   211 01e0:  2008              	move.l	a0,d0
   212 01e2:  5280              	add.l	#1,d0
   213 01e4:  3079 xxxx xxxx    	move.w	_surfaces,a0
   214 01ea:  2f01              	move.l	d1,-(sp)
   215 01ec:  2208              	move.l	a0,d1
   216 01ee:  4eb9 xxxx xxxx    	jsr	.mulu#
   217 01f4:  221f              	move.l	(sp)+,d1
   218 01f6:  4eb9 xxxx xxxx    	jsr	.mulu#
   219 01fc:  7209              	move.l	#9,d1
   220 01fe:  e3a0              	asl.l	d1,d0
   221 0200:  23c0 xxxx xxxx    	move.l	d0,_endoffset
   222 0206:  4eb9 xxxx xxxx    ^^^	jsr	_CreateMsgPort
   223 020c:  23c0 xxxx xxxx    	move.l	d0,_mp
   224 0212:  6700 xxxx         	beq	.10003
   225 0216:  4878 0030         ^	pea	48
   226 021a:  2f39 xxxx xxxx    	move.l	_mp,-(sp)
   227 0220:  4eb9 xxxx xxxx    	jsr	_CreateIORequest
   228 0226:  504f              	add.w	#8,sp
   229 0228:  23c0 xxxx xxxx    	move.l	d0,_iob
   230 022e:  6700 xxxx         	beq	.10004
   231 0232:  2f2d fffc         ^^	move.l	-4(a5),-(sp)
   232 0236:  2f39 xxxx xxxx    	move.l	_iob,-(sp)
   233 023c:  2f39 xxxx xxxx    	move.l	_unit,-(sp)
   234 0242:  206d fff4         	move.l	-12(a5),a0
   235 0246:  2028 0004         	move.l	4(a0),d0
   236 024a:  e580              	asl.l	#2,d0
   237 024c:  5280              	add.l	#1,d0
   238 024e:  2f00              	move.l	d0,-(sp)
   239 0250:  4eb9 xxxx xxxx    	jsr	_OpenDevice
   240 0256:  4fef 0010         	lea	16(sp),sp
   241 025a:  4a00              	tst.b	d0
   242 025c:  6700 xxxx         	beq	.10005
   243 0260:  4879 xxxx xxxx    ^^	pea	.1+258
   244 0266:  4879 xxxx xxxx    	pea	__iob+44
   245 026c:  4eb9 xxxx xxxx    	jsr	_fprintf
   246 0272:  504f              	add.w	#8,sp
   247 0274:  4878 000a         ^	pea	10
   248 0278:  4eb9 xxxx xxxx    	jsr	_exit
   249 027e:  584f              	add.w	#4,sp
   250 0280:  6000 xxxx         ^	bra	.10006
   251 0284:                    .10005
   252 0284:  4eb9 xxxx xxxx    ^	jsr	_install_funcs
   253 028a:  4879 xxxx xxxx    ^	pea	.1+278
   254 0290:  4eb9 xxxx xxxx    	jsr	_printf
   255 0296:  584f              	add.w	#4,sp
   256 0298:                    ^^.10006
   257 0298:  6000 xxxx         ^	bra	.10007
   258 029c:                    .10004
   259 029c:  4879 xxxx xxxx    ^	pea	.1+330
   260 02a2:  4879 xxxx xxxx    	pea	__iob+44
   261 02a8:  4eb9 xxxx xxxx    	jsr	_fprintf
   262 02ae:  504f              	add.w	#8,sp
   263 02b0:  4878 0014         ^	pea	20
   264 02b4:  4eb9 xxxx xxxx    	jsr	_exit
   265 02ba:  584f              	add.w	#4,sp
   266 02bc:                    ^.10007
   267 02bc:  6000 xxxx         ^	bra	.10008
   268 02c0:                    .10003
   269 02c0:  4879 xxxx xxxx    ^	pea	.1+369
   270 02c6:  4879 xxxx xxxx    	pea	__iob+44
   271 02cc:  4eb9 xxxx xxxx    	jsr	_fprintf
   272 02d2:  504f              	add.w	#8,sp
   273 02d4:  4878 0014         ^	pea	20
   274 02d8:  4eb9 xxxx xxxx    	jsr	_exit
   275 02de:  584f              	add.w	#4,sp
   276 02e0:                    ^.10008
   277 02e0:  6000 xxxx         ^	bra	.10009
   278 02e4:                    .10002
   279 02e4:  4879 xxxx xxxx    ^	pea	.1+396
   280 02ea:  4879 xxxx xxxx    	pea	__iob+44
   281 02f0:  4eb9 xxxx xxxx    	jsr	_fprintf
   282 02f6:  504f              	add.w	#8,sp
   283 02f8:  4878 000a         ^	pea	10
   284 02fc:  4eb9 xxxx xxxx    	jsr	_exit
   285 0302:  584f              	add.w	#4,sp
   286 0304:                    ^.10009
   287 0304:  2f2d fffc         ^	move.l	-4(a5),-(sp)
   288 0308:  4eb9 xxxx xxxx    	jsr	_UnLockDosList
   289 030e:  584f              	add.w	#4,sp
   290 0310:  6000 xxxx         ^	bra	.10010
   291 0314:                    .10001
   292 0314:  4879 xxxx xxxx    ^	pea	.1+426
   293 031a:  4879 xxxx xxxx    	pea	__iob+44
   294 0320:  4eb9 xxxx xxxx    	jsr	_fprintf
   295 0326:  504f              	add.w	#8,sp
   296 0328:  4878 0014         ^	pea	20
   297 032c:  4eb9 xxxx xxxx    	jsr	_exit
   298 0332:  584f              	add.w	#4,sp
   299 0334:                    ^.10010
   300 0334:  42a7              ^	clr.l	-(sp)
   301 0336:  4eb9 xxxx xxxx    	jsr	_exit
   302 033c:  584f              	add.w	#4,sp
   303 033e:                    ^.5
   304 033e:  4cdf xxxx         	movem.l	(sp)+,.4
   305 0342:  4e5d              	unlk	a5
   306 0344:  4e75              	rts
   307 0346:                    .2
   308 0346:  ffff fff0         .3	equ	-16
   309 0346:  0000              .4	reg	
   310 0346:                    .1
   311 0346:  5043 4844 3a2d    	dc.b	80,67,72,68,58,45,72,97,110,100,108,101,114,32,118
       034c:  4861 6e64 6c65 
       0352:  7220 76
   312 0355:  312e 3020 2d2d    	dc.b	49,46,48,32,45,45,32,67,111,112,121,114,105,103,104
       035b:  2043 6f70 7972 
       0361:  6967 68
   313 0364:  7420 2843 2920    	dc.b	116,32,40,67,41,32,49,57,57,49,32,98,121,32,77
       036a:  3139 3931 2062 
       0370:  7920 4d
   314 0373:  6174 7468 6961    	dc.b	97,116,116,104,105,97,115,32,83,99,104,109,105,100,116
       0379:  7320 5363 686d 
       037f:  6964 74
   315 0382:  0a00 5043 4844    	dc.b	10,0,80,67,72,68,0,100,111,108,112,32,58,61,32
       0388:  0064 6f6c 7020 
       038e:  3a3d 20
   316 0391:  3078 2530 386c    	dc.b	48,120,37,48,56,108,120,10,0,116,121,112,101,32,58
       0397:  780a 0074 7970 
       039d:  6520 3a
   317 03a0:  3d20 256c 640a    	dc.b	61,32,37,108,100,10,0,102,115,115,109,112,32,58,61
       03a6:  0066 7373 6d70 
       03ac:  203a 3d
   318 03af:  2030 7825 3038    	dc.b	32,48,120,37,48,56,108,120,10,0,103,118,32,58,61
       03b5:  6c78 0a00 6776 
       03bb:  203a 3d
   319 03be:  2025 6c64 0a00    	dc.b	32,37,108,100,10,0,85,110,105,116,32,58,61,32,37
       03c4:  556e 6974 203a 
       03ca:  3d20 25
   320 03cd:  6c75 0a00 4465    	dc.b	108,117,10,0,68,101,118,105,99,101,32,58,61,32,37
       03d3:  7669 6365 203a 
       03d9:  3d20 25
   321 03dc:  730a 0045 6e76    	dc.b	115,10,0,69,110,118,105,114,111,110,32,58,61,32,48
       03e2:  6972 6f6e 203a 
       03e8:  3d20 30
   322 03eb:  7825 3038 6c78    	dc.b	120,37,48,56,108,120,10,0,70,108,97,103,115,32,58
       03f1:  0a00 466c 6167 
       03f7:  7320 3a
   323 03fa:  3d20 256c 750a    	dc.b	61,32,37,108,117,10,0,76,111,119,67,121,108,32,58
       0400:  004c 6f77 4379 
       0406:  6c20 3a
   324 0409:  3d20 256c 750a    	dc.b	61,32,37,108,117,10,0,72,105,103,104,67,121,108,32
       040f:  0048 6967 6843 
       0415:  796c 20
   325 0418:  3a3d 2025 6c75    	dc.b	58,61,32,37,108,117,10,0,83,117,114,102,97,99,101
       041e:  0a00 5375 7266 
       0424:  6163 65
   326 0427:  7320 3a3d 2025    	dc.b	115,32,58,61,32,37,108,117,10,0,66,108,111,99,107
       042d:  6c75 0a00 426c 
       0433:  6f63 6b
   327 0436:  7350 6572 5472    	dc.b	115,80,101,114,84,114,97,99,107,32,58,61,32,37,108
       043c:  6163 6b20 3a3d 
       0442:  2025 6c
   328 0445:  750a 004f 7065    	dc.b	117,10,0,79,112,101,110,68,101,118,105,99,101,32,102
       044b:  6e44 6576 6963 
       0451:  6520 66
   329 0454:  6169 6c6